<?xml version="1.0" encoding="utf-8"?><testsuites name="pytest tests"><testsuite name="pytest" errors="0" failures="0" skipped="0" tests="14" time="2.499" timestamp="2026-09-03T14:17:40.065346+00:00" hostname="agent-env-08f0807a-077b-42aa-bd34-ae4ba67c6dd2"><testcase classname="tests.test_varta_verde" name="test_root" time="0.396" /><testcase classname="tests.test_varta_verde" name="test_dashboard" time="0.092" /><testcase classname="tests.test_varta_verde" name="test_machinery_advisor" time="0.081" /><testcase classname="tests.test_varta_verde" name="test_machinery_slope" time="0.348" /><testcase classname="tests.test_varta_verde" name="test_crops_advisor" time="0.086" /><testcase classname="tests.test_varta_verde" name="test_livelihood_advisor" time="0.088" /><testcase classname="tests.test_varta_verde" name="test_seeds_advisor" time="0.150" /><testcase classname="tests.test_varta_verde" name="test_schemes_list" time="0.081" /><testcase classname="tests.test_varta_verde" name="test_schemes_filter" time="0.082" /><testcase classname="tests.test_varta_verde" name="test_schemes_eligibility" time="0.083" /><testcase classname="tests.test_varta_verde" name="test_chat_millet" time="0.094" /><testcase classname="tests.test_varta_verde" name="test_chat_smam" time="0.078" /><testcase classname="tests.test_varta_verde" name="test_chat_greeting" time="0.110" /><testcase classname="tests.test_varta_verde" name="test_chat_fallback" time="0.113" /></testsuite></testsuites>